2020-06-14 21:25:04,325 -  INFO -  Program is STARTING...
2020-06-14 21:25:04,325 -  INFO -  Going through the input folder 'As-Builts 1'
2020-06-14 21:25:04,325 -  INFO -  Converting the file '4A 1st Flr B&W.pdf'
2020-06-14 21:25:12,127 -  INFO -  '4A 1st Flr B&W.pdf' contains 1 page(s)
2020-06-14 21:25:12,127 -  INFO -  Checking for 'Output\As-Builts 1\'
2020-06-14 21:25:12,128 -  INFO -  'Output\As-Builts 1\' does not exist, so it is being created
2020-06-14 21:25:12,128 -  INFO -  Saving 'Output\As-Builts 1\4A 1st Flr B&W.jpg'
2020-06-14 21:25:13,292 -  INFO -  Converting the file '4B 1st Flr Color.pdf'
2020-06-14 21:25:21,057 -  INFO -  '4B 1st Flr Color.pdf' contains 1 page(s)
2020-06-14 21:25:21,057 -  INFO -  Checking for 'Output\As-Builts 1\'
2020-06-14 21:25:21,057 -  INFO -  Saving 'Output\As-Builts 1\4B 1st Flr Color.jpg'
2020-06-14 21:25:22,190 -  INFO -  Going through the input folder 'As-Builts 2'
2020-06-14 21:25:22,190 -  INFO -  Converting the file '5A 2nd Flr B&W.pdf'
2020-06-14 21:25:28,886 -  INFO -  '5A 2nd Flr B&W.pdf' contains 1 page(s)
2020-06-14 21:25:28,886 -  INFO -  Checking for 'Output\As-Builts 2\'
2020-06-14 21:25:28,886 -  INFO -  'Output\As-Builts 2\' does not exist, so it is being created
2020-06-14 21:25:28,886 -  INFO -  Saving 'Output\As-Builts 2\5A 2nd Flr B&W.jpg'
2020-06-14 21:25:30,123 -  INFO -  Converting the file '5B 2nd Flr Color.pdf'
2020-06-14 21:25:36,946 -  INFO -  '5B 2nd Flr Color.pdf' contains 1 page(s)
2020-06-14 21:25:36,946 -  INFO -  Checking for 'Output\As-Builts 2\'
2020-06-14 21:25:36,947 -  INFO -  Saving 'Output\As-Builts 2\5B 2nd Flr Color.jpg'
2020-06-14 21:25:38,067 -  INFO -  Program has SUCCESSFULLY RAN
2020-06-14 21:28:26,540 -  INFO -  The current working directory is C:\Users\User\Desktop\GIS\PDF to Image
2020-06-14 21:28:26,540 -  INFO -  Program is STARTING...
2020-06-14 21:28:26,540 -  INFO -  Going through the input folder 'As-Builts 1'
2020-06-14 21:28:26,540 -  INFO -  Converting the file '4A 1st Flr B&W.pdf'
2020-06-14 21:28:28,131 -  INFO -  '4A 1st Flr B&W.pdf' contains 1 page(s)
2020-06-14 21:28:28,131 -  INFO -  Checking for 'Output\As-Builts 1\'
2020-06-14 21:28:28,131 -  INFO -  Saving 'Output\As-Builts 1\4A 1st Flr B&W.jpg'
2020-06-14 21:28:28,290 -  INFO -  Converting the file '4B 1st Flr Color.pdf'
2020-06-14 21:28:29,673 -  INFO -  '4B 1st Flr Color.pdf' contains 1 page(s)
2020-06-14 21:28:29,673 -  INFO -  Checking for 'Output\As-Builts 1\'
2020-06-14 21:28:29,673 -  INFO -  Saving 'Output\As-Builts 1\4B 1st Flr Color.jpg'
2020-06-14 21:28:29,794 -  INFO -  Going through the input folder 'As-Builts 2'
2020-06-14 21:28:29,795 -  INFO -  Converting the file '5A 2nd Flr B&W.pdf'
2020-06-14 21:28:30,710 -  INFO -  '5A 2nd Flr B&W.pdf' contains 1 page(s)
2020-06-14 21:28:30,711 -  INFO -  Checking for 'Output\As-Builts 2\'
2020-06-14 21:28:30,711 -  INFO -  Saving 'Output\As-Builts 2\5A 2nd Flr B&W.jpg'
2020-06-14 21:28:30,882 -  INFO -  Converting the file '5B 2nd Flr Color.pdf'
2020-06-14 21:28:31,856 -  INFO -  '5B 2nd Flr Color.pdf' contains 1 page(s)
2020-06-14 21:28:31,856 -  INFO -  Checking for 'Output\As-Builts 2\'
2020-06-14 21:28:31,857 -  INFO -  Saving 'Output\As-Builts 2\5B 2nd Flr Color.jpg'
2020-06-14 21:28:31,976 -  INFO -  Program has SUCCESSFULLY RAN
2020-06-14 21:30:22,534 -  INFO -  The current working directory is C:\Users\User\Desktop\GIS\PDF to Image
2020-06-14 21:30:22,535 -  INFO -  Program is STARTING...
2020-06-14 21:30:22,535 -  INFO -  Going through the input folder 'As-Builts 1'
2020-06-14 21:30:22,535 -  INFO -  Converting the file '4A 1st Flr B&W.pdf'
2020-06-14 21:30:30,351 -  INFO -  '4A 1st Flr B&W.pdf' contains 1 page(s)
2020-06-14 21:30:30,351 -  INFO -  Checking for 'Output\As-Builts 1\'
2020-06-14 21:30:30,351 -  INFO -  Saving 'Output\As-Builts 1\4A 1st Flr B&W.jpg'
2020-06-14 21:30:31,494 -  INFO -  Converting the file '4B 1st Flr Color.pdf'
2020-06-14 21:30:39,176 -  INFO -  '4B 1st Flr Color.pdf' contains 1 page(s)
2020-06-14 21:30:39,176 -  INFO -  Checking for 'Output\As-Builts 1\'
2020-06-14 21:30:39,177 -  INFO -  Saving 'Output\As-Builts 1\4B 1st Flr Color.jpg'
2020-06-14 21:30:40,310 -  INFO -  Going through the input folder 'As-Builts 2'
2020-06-14 21:30:40,310 -  INFO -  Converting the file '5A 2nd Flr B&W.pdf'
2020-06-14 21:30:47,099 -  INFO -  '5A 2nd Flr B&W.pdf' contains 1 page(s)
2020-06-14 21:30:47,100 -  INFO -  Checking for 'Output\As-Builts 2\'
2020-06-14 21:30:47,100 -  INFO -  Saving 'Output\As-Builts 2\5A 2nd Flr B&W.jpg'
2020-06-14 21:30:48,383 -  INFO -  Converting the file '5B 2nd Flr Color.pdf'
2020-06-14 21:30:55,144 -  INFO -  '5B 2nd Flr Color.pdf' contains 1 page(s)
2020-06-14 21:30:55,144 -  INFO -  Checking for 'Output\As-Builts 2\'
2020-06-14 21:30:55,144 -  INFO -  Saving 'Output\As-Builts 2\5B 2nd Flr Color.jpg'
2020-06-14 21:30:56,269 -  INFO -  Program has SUCCESSFULLY RAN
2020-06-14 21:32:04,401 -  INFO -  The current working directory is C:\Users\User\Desktop\GIS\PDF to Image
2020-06-14 21:32:04,402 -  INFO -  Program is STARTING...
2020-06-14 21:32:04,402 -  INFO -  Going through the input folder 'As-Builts 1'
2020-06-14 21:32:04,402 -  INFO -  Converting the file '4A 1st Flr B&W.pdf'
2020-06-14 21:32:12,222 -  INFO -  '4A 1st Flr B&W.pdf' contains 1 page(s)
2020-06-14 21:32:12,222 -  INFO -  Checking for 'Output\As-Builts 1\'
2020-06-14 21:32:12,222 -  INFO -  Saving 'Output\As-Builts 1\4A 1st Flr B&W.jpg'
2020-06-14 21:32:13,369 -  INFO -  Converting the file '4B 1st Flr Color.pdf'
2020-06-14 21:32:21,106 -  INFO -  '4B 1st Flr Color.pdf' contains 1 page(s)
2020-06-14 21:32:21,106 -  INFO -  Checking for 'Output\As-Builts 1\'
2020-06-14 21:32:21,106 -  INFO -  Saving 'Output\As-Builts 1\4B 1st Flr Color.jpg'
2020-06-14 21:32:22,244 -  INFO -  Going through the input folder 'As-Builts 2'
2020-06-14 21:32:22,244 -  INFO -  Converting the file '5A 2nd Flr B&W.pdf'
2020-06-14 21:32:28,929 -  INFO -  '5A 2nd Flr B&W.pdf' contains 1 page(s)
2020-06-14 21:32:28,929 -  INFO -  Checking for 'Output\As-Builts 2\'
2020-06-14 21:32:28,929 -  INFO -  Saving 'Output\As-Builts 2\5A 2nd Flr B&W.jpg'
2020-06-14 21:32:30,173 -  INFO -  Converting the file '5B 2nd Flr Color.pdf'
2020-06-14 21:32:36,885 -  INFO -  '5B 2nd Flr Color.pdf' contains 1 page(s)
2020-06-14 21:32:36,885 -  INFO -  Checking for 'Output\As-Builts 2\'
2020-06-14 21:32:36,885 -  INFO -  Saving 'Output\As-Builts 2\5B 2nd Flr Color.jpg'
2020-06-14 21:32:38,008 -  INFO -  Program has SUCCESSFULLY RAN
2020-06-16 21:55:19,883 -  INFO -  The current working directory is C:\Users\User\Desktop\GIS\PDF to Image
2020-06-16 21:55:19,884 -  INFO -  Program is STARTING...
2020-06-16 21:55:19,884 -  INFO -  Going through the input folder 'As-Builts 1'
2020-06-16 21:55:19,884 -  INFO -  Converting the file '4A 1st Flr B&W.pdf'
2020-06-16 21:55:24,943 -  INFO -  '4A 1st Flr B&W.pdf' contains 1 page(s)
2020-06-16 21:55:24,943 -  INFO -  Checking for 'Output\As-Builts 1\'
2020-06-16 21:55:24,943 -  INFO -  Saving 'Output\As-Builts 1\4A 1st Flr B&W.jpg'
2020-06-16 21:55:25,655 -  INFO -  Converting the file '4B 1st Flr Color.pdf'
2020-06-16 21:55:30,579 -  INFO -  '4B 1st Flr Color.pdf' contains 1 page(s)
2020-06-16 21:55:30,580 -  INFO -  Checking for 'Output\As-Builts 1\'
2020-06-16 21:55:30,580 -  INFO -  Saving 'Output\As-Builts 1\4B 1st Flr Color.jpg'
2020-06-16 21:55:31,234 -  INFO -  Going through the input folder 'As-Builts 2'
2020-06-16 21:55:31,234 -  INFO -  Converting the file '5A 2nd Flr B&W.pdf'
2020-06-16 21:55:35,167 -  INFO -  '5A 2nd Flr B&W.pdf' contains 1 page(s)
2020-06-16 21:55:35,167 -  INFO -  Checking for 'Output\As-Builts 2\'
2020-06-16 21:55:35,168 -  INFO -  Saving 'Output\As-Builts 2\5A 2nd Flr B&W.jpg'
2020-06-16 21:55:35,885 -  INFO -  Converting the file '5B 2nd Flr Color.pdf'
2020-06-16 21:55:39,895 -  INFO -  '5B 2nd Flr Color.pdf' contains 1 page(s)
2020-06-16 21:55:39,895 -  INFO -  Checking for 'Output\As-Builts 2\'
2020-06-16 21:55:39,895 -  INFO -  Saving 'Output\As-Builts 2\5B 2nd Flr Color.jpg'
2020-06-16 21:55:40,542 -  INFO -  Program has SUCCESSFULLY RAN
2020-06-17 21:41:59,435 -  INFO -  The current working directory is C:\Users\User\Desktop\GIS\PDF to Image
2020-06-17 21:41:59,435 -  INFO -  Pdf2image program is STARTING...
2020-06-17 21:41:59,435 -  INFO -  Going through the input folder 'As-Builts 1'
2020-06-17 21:41:59,435 -  INFO -  Converting the file '4A 1st Flr B&W.pdf'
2020-06-17 21:42:37,979 -  INFO -  The current working directory is C:\Users\User\Desktop\GIS\PDF to Image
2020-06-17 21:42:37,980 -  INFO -  Pdf2image program is STARTING...
2020-06-17 21:42:37,980 -  INFO -  Going through the input folder 'As-Builts 1'
2020-06-17 21:42:37,980 -  INFO -  Converting the file '4A 1st Flr B&W.pdf'
2020-06-17 21:42:42,153 -  DEBUG -  STREAM b'IHDR' 16 13
2020-06-17 21:42:42,153 -  DEBUG -  STREAM b'pHYs' 41 9
2020-06-17 21:42:42,154 -  DEBUG -  STREAM b'IDAT' 62 8192
2020-06-17 21:42:42,154 -  INFO -  '4A 1st Flr B&W' contains 1 page(s)
2020-06-17 21:42:42,154 -  INFO -  Checking for 'Output\As-Builts 1\'
2020-06-17 21:42:44,021 -  INFO -  Converting the file '4B 1st Flr Color.pdf'
2020-06-17 21:42:48,500 -  DEBUG -  STREAM b'IHDR' 16 13
2020-06-17 21:42:48,500 -  DEBUG -  STREAM b'pHYs' 41 9
2020-06-17 21:42:48,500 -  DEBUG -  STREAM b'IDAT' 62 8192
2020-06-17 21:42:48,500 -  INFO -  '4B 1st Flr Color' contains 1 page(s)
2020-06-17 21:42:48,500 -  INFO -  Checking for 'Output\As-Builts 1\'
2020-06-17 21:42:50,371 -  INFO -  Going through the input folder 'As-Builts 2'
2020-06-17 21:42:50,371 -  INFO -  Converting the file '5A 2nd Flr B&W.pdf'
2020-06-17 21:42:53,819 -  DEBUG -  STREAM b'IHDR' 16 13
2020-06-17 21:42:53,819 -  DEBUG -  STREAM b'pHYs' 41 9
2020-06-17 21:42:53,819 -  DEBUG -  STREAM b'IDAT' 62 8192
2020-06-17 21:42:53,819 -  INFO -  '5A 2nd Flr B&W' contains 1 page(s)
2020-06-17 21:42:53,819 -  INFO -  Checking for 'Output\As-Builts 2\'
2020-06-17 21:42:55,657 -  INFO -  Converting the file '5B 2nd Flr Color.pdf'
2020-06-17 21:42:59,287 -  DEBUG -  STREAM b'IHDR' 16 13
2020-06-17 21:42:59,287 -  DEBUG -  STREAM b'pHYs' 41 9
2020-06-17 21:42:59,287 -  DEBUG -  STREAM b'IDAT' 62 8192
2020-06-17 21:42:59,287 -  INFO -  '5B 2nd Flr Color' contains 1 page(s)
2020-06-17 21:42:59,287 -  INFO -  Checking for 'Output\As-Builts 2\'
2020-06-17 21:43:01,116 -  INFO -  Pdf2image program has SUCCESSFULLY RAN
2020-06-17 21:44:49,244 -  INFO -  The current working directory is C:\Users\User\Desktop\GIS\PDF to Image
2020-06-17 21:44:49,244 -  INFO -  Wand program is STARTING...
2020-06-17 21:44:49,244 -  INFO -  Going through the input folder 'As-Builts 1'
2020-06-17 21:44:49,245 -  INFO -  Converting the file '4A 1st Flr B&W.pdf'
2020-06-17 21:44:54,303 -  INFO -  '4A 1st Flr B&W.pdf' contains 1 page(s)
2020-06-17 21:44:54,303 -  INFO -  Checking for 'Output\As-Builts 1\'
2020-06-17 21:44:54,303 -  INFO -  Saving 'Output\As-Builts 1\4A 1st Flr B&W.jpg'
2020-06-17 21:44:54,998 -  INFO -  Converting the file '4B 1st Flr Color.pdf'
2020-06-17 21:44:59,866 -  INFO -  '4B 1st Flr Color.pdf' contains 1 page(s)
2020-06-17 21:44:59,866 -  INFO -  Checking for 'Output\As-Builts 1\'
2020-06-17 21:44:59,866 -  INFO -  Saving 'Output\As-Builts 1\4B 1st Flr Color.jpg'
2020-06-17 21:45:00,522 -  INFO -  Going through the input folder 'As-Builts 2'
2020-06-17 21:45:00,522 -  INFO -  Converting the file '5A 2nd Flr B&W.pdf'
2020-06-17 21:45:04,458 -  INFO -  '5A 2nd Flr B&W.pdf' contains 1 page(s)
2020-06-17 21:45:04,458 -  INFO -  Checking for 'Output\As-Builts 2\'
2020-06-17 21:45:04,459 -  INFO -  Saving 'Output\As-Builts 2\5A 2nd Flr B&W.jpg'
2020-06-17 21:45:05,179 -  INFO -  Converting the file '5B 2nd Flr Color.pdf'
2020-06-17 21:45:09,122 -  INFO -  '5B 2nd Flr Color.pdf' contains 1 page(s)
2020-06-17 21:45:09,122 -  INFO -  Checking for 'Output\As-Builts 2\'
2020-06-17 21:45:09,122 -  INFO -  Saving 'Output\As-Builts 2\5B 2nd Flr Color.jpg'
2020-06-17 21:45:09,772 -  INFO -  Wand program has SUCCESSFULLY RAN
2020-06-17 21:53:33,104 -  INFO -  The current working directory is C:\Users\User\Desktop\GIS\PDF to Image
2020-06-17 21:53:33,104 -  INFO -  Pdf2image program is STARTING...
2020-06-17 21:53:33,104 -  INFO -  Going through the input folder 'As-Builts 1'
2020-06-17 21:53:33,104 -  INFO -  Converting the file '4A 1st Flr B&W.pdf'
2020-06-17 21:53:37,209 -  DEBUG -  STREAM b'IHDR' 16 13
2020-06-17 21:53:37,210 -  DEBUG -  STREAM b'pHYs' 41 9
2020-06-17 21:53:37,210 -  DEBUG -  STREAM b'IDAT' 62 8192
2020-06-17 21:53:37,210 -  INFO -  '4A 1st Flr B&W' contains 1 page(s)
2020-06-17 21:53:37,210 -  INFO -  Checking for 'Output\As-Builts 1\'
2020-06-17 21:53:39,069 -  INFO -  Converting the file '4B 1st Flr Color.pdf'
2020-06-17 21:53:43,491 -  DEBUG -  STREAM b'IHDR' 16 13
2020-06-17 21:53:43,491 -  DEBUG -  STREAM b'pHYs' 41 9
2020-06-17 21:53:43,491 -  DEBUG -  STREAM b'IDAT' 62 8192
2020-06-17 21:53:43,491 -  INFO -  '4B 1st Flr Color' contains 1 page(s)
2020-06-17 21:53:43,491 -  INFO -  Checking for 'Output\As-Builts 1\'
2020-06-17 21:53:45,348 -  INFO -  Going through the input folder 'As-Builts 2'
2020-06-17 21:53:45,348 -  INFO -  Converting the file '5A 2nd Flr B&W.pdf'
2020-06-17 21:53:48,790 -  DEBUG -  STREAM b'IHDR' 16 13
2020-06-17 21:53:48,790 -  DEBUG -  STREAM b'pHYs' 41 9
2020-06-17 21:53:48,791 -  DEBUG -  STREAM b'IDAT' 62 8192
2020-06-17 21:53:48,791 -  INFO -  '5A 2nd Flr B&W' contains 1 page(s)
2020-06-17 21:53:48,791 -  INFO -  Checking for 'Output\As-Builts 2\'
2020-06-17 21:53:50,595 -  INFO -  Converting the file '5B 2nd Flr Color.pdf'
2020-06-17 21:53:54,228 -  DEBUG -  STREAM b'IHDR' 16 13
2020-06-17 21:53:54,228 -  DEBUG -  STREAM b'pHYs' 41 9
2020-06-17 21:53:54,228 -  DEBUG -  STREAM b'IDAT' 62 8192
2020-06-17 21:53:54,229 -  INFO -  '5B 2nd Flr Color' contains 1 page(s)
2020-06-17 21:53:54,229 -  INFO -  Checking for 'Output\As-Builts 2\'
2020-06-17 21:53:56,141 -  INFO -  Pdf2image program has SUCCESSFULLY RAN
2021-12-03 08:47:48,099 -  INFO -  The current working directory is C:\Users\User\Desktop\GIS\PDF to Image
2021-12-03 08:47:48,099 -  INFO -  Pdf2image program is STARTING...
2021-12-03 08:47:48,099 -  INFO -  Pdf2image program has SUCCESSFULLY RAN
2021-12-03 08:51:23,135 -  INFO -  The current working directory is C:\Users\User\Desktop\GIS\PDF to Image
2021-12-03 08:51:23,135 -  INFO -  Pdf2image program is STARTING...
2021-12-03 08:51:23,135 -  INFO -  Pdf2image program has SUCCESSFULLY RAN
2021-12-03 08:54:31,161 -  INFO -  The current working directory is C:\Users\User\Desktop\GIS\PDF to Image
2021-12-03 08:54:31,161 -  INFO -  Pdf2image program is STARTING...
2021-12-03 08:54:31,161 -  INFO -  Going through the input folder 'HMPs_Topos'
2021-12-03 08:54:31,161 -  INFO -  Converting the file 'CA_Borrego_Sink_20180828_TM_geo.pdf'
2021-12-03 08:54:31,353 -  INFO -  'CA_Borrego_Sink_20180828_TM_geo' contains 0 page(s)
2021-12-03 08:54:31,353 -  INFO -  Checking for 'Output\HMPs_Topos\'
2021-12-03 08:54:31,353 -  INFO -  'Output\HMPs_Topos\' does not exist, so it is being created
2021-12-03 08:54:31,354 -  INFO -  Converting the file 'CA_Clark_Lake_20180828_TM_geo.pdf'
2021-12-03 08:54:31,410 -  INFO -  'CA_Clark_Lake_20180828_TM_geo' contains 0 page(s)
2021-12-03 08:54:31,410 -  INFO -  Checking for 'Output\HMPs_Topos\'
2021-12-03 08:54:31,410 -  INFO -  Converting the file 'CA_Del_Mar_20180827_TM_geo.pdf'
2021-12-03 08:54:31,466 -  INFO -  'CA_Del_Mar_20180827_TM_geo' contains 0 page(s)
2021-12-03 08:54:31,466 -  INFO -  Checking for 'Output\HMPs_Topos\'
2021-12-03 08:54:31,466 -  INFO -  Converting the file 'CA_Del_Mar_OE_W_20180827_TM_geo.pdf'
2021-12-03 08:54:31,520 -  INFO -  'CA_Del_Mar_OE_W_20180827_TM_geo' contains 0 page(s)
2021-12-03 08:54:31,520 -  INFO -  Checking for 'Output\HMPs_Topos\'
2021-12-03 08:54:31,521 -  INFO -  Converting the file 'CA_El_Cajon_20180904_TM_geo.pdf'
2021-12-03 08:54:31,577 -  INFO -  'CA_El_Cajon_20180904_TM_geo' contains 0 page(s)
2021-12-03 08:54:31,577 -  INFO -  Checking for 'Output\HMPs_Topos\'
2021-12-03 08:54:31,577 -  INFO -  Converting the file 'CA_Encinitas_20180913_TM_geo.pdf'
2021-12-03 08:54:31,637 -  INFO -  'CA_Encinitas_20180913_TM_geo' contains 0 page(s)
2021-12-03 08:54:31,637 -  INFO -  Checking for 'Output\HMPs_Topos\'
2021-12-03 08:54:31,637 -  INFO -  Converting the file 'CA_Escondido_20180907_TM_geo.pdf'
2021-12-03 08:54:31,692 -  INFO -  'CA_Escondido_20180907_TM_geo' contains 0 page(s)
2021-12-03 08:54:31,692 -  INFO -  Checking for 'Output\HMPs_Topos\'
2021-12-03 08:54:31,692 -  INFO -  Converting the file 'CA_Las_Pulgas_Canyon_20180907_TM_geo.pdf'
2021-12-03 08:54:31,748 -  INFO -  'CA_Las_Pulgas_Canyon_20180907_TM_geo' contains 0 page(s)
2021-12-03 08:54:31,748 -  INFO -  Checking for 'Output\HMPs_Topos\'
2021-12-03 08:54:31,748 -  INFO -  Converting the file 'CA_Morro_Hill_20180907_TM_geo.pdf'
2021-12-03 08:54:31,805 -  INFO -  'CA_Morro_Hill_20180907_TM_geo' contains 0 page(s)
2021-12-03 08:54:31,805 -  INFO -  Checking for 'Output\HMPs_Topos\'
2021-12-03 08:54:31,805 -  INFO -  Converting the file 'CA_Oceanside_20180907_TM_geo.pdf'
2021-12-03 08:54:31,866 -  INFO -  'CA_Oceanside_20180907_TM_geo' contains 0 page(s)
2021-12-03 08:54:31,866 -  INFO -  Checking for 'Output\HMPs_Topos\'
2021-12-03 08:54:31,866 -  INFO -  Converting the file 'CA_Rancho_Santa_Fe_20180913_TM_geo.pdf'
2021-12-03 08:54:31,933 -  INFO -  'CA_Rancho_Santa_Fe_20180913_TM_geo' contains 0 page(s)
2021-12-03 08:54:31,933 -  INFO -  Checking for 'Output\HMPs_Topos\'
2021-12-03 08:54:31,933 -  INFO -  Converting the file 'CA_Rodriguez_Mountain_20180828_TM_geo.pdf'
2021-12-03 08:54:31,992 -  INFO -  'CA_Rodriguez_Mountain_20180828_TM_geo' contains 0 page(s)
2021-12-03 08:54:31,993 -  INFO -  Checking for 'Output\HMPs_Topos\'
2021-12-03 08:54:31,993 -  INFO -  Converting the file 'CA_San_Luis_Rey_20180907_TM_geo.pdf'
2021-12-03 08:54:32,056 -  INFO -  'CA_San_Luis_Rey_20180907_TM_geo' contains 0 page(s)
2021-12-03 08:54:32,056 -  INFO -  Checking for 'Output\HMPs_Topos\'
2021-12-03 08:54:32,056 -  INFO -  Converting the file 'CA_San_Pasqual_20180828_TM_geo.pdf'
2021-12-03 08:54:32,118 -  INFO -  'CA_San_Pasqual_20180828_TM_geo' contains 0 page(s)
2021-12-03 08:54:32,118 -  INFO -  Checking for 'Output\HMPs_Topos\'
2021-12-03 08:54:32,118 -  INFO -  Pdf2image program has SUCCESSFULLY RAN
2021-12-03 09:22:24,966 -  INFO -  The current working directory is C:\Users\User\Desktop\GIS\PDF to Image
2021-12-03 09:22:24,966 -  INFO -  Wand program is STARTING...
2021-12-03 09:22:24,966 -  INFO -  Going through the input folder 'HMPs_Topos'
2021-12-03 09:22:24,966 -  INFO -  Converting the file 'CA_Borrego_Sink_20180828_TM_geo.pdf'
2021-12-03 09:23:18,042 -  INFO -  'CA_Borrego_Sink_20180828_TM_geo.pdf' contains 1 page(s)
2021-12-03 09:23:18,042 -  INFO -  Checking for 'Output\HMPs_Topos\'
2021-12-03 09:23:18,042 -  INFO -  Saving 'Output\HMPs_Topos\CA_Borrego_Sink_20180828_TM_geo.jpg'
2021-12-03 09:23:23,714 -  INFO -  Converting the file 'CA_Clark_Lake_20180828_TM_geo.pdf'
2021-12-03 09:24:17,915 -  INFO -  'CA_Clark_Lake_20180828_TM_geo.pdf' contains 1 page(s)
2021-12-03 09:24:17,915 -  INFO -  Checking for 'Output\HMPs_Topos\'
2021-12-03 09:24:17,915 -  INFO -  Saving 'Output\HMPs_Topos\CA_Clark_Lake_20180828_TM_geo.jpg'
2021-12-03 09:24:23,446 -  INFO -  Converting the file 'CA_Del_Mar_20180827_TM_geo.pdf'
2021-12-03 09:25:42,113 -  INFO -  'CA_Del_Mar_20180827_TM_geo.pdf' contains 1 page(s)
2021-12-03 09:25:42,113 -  INFO -  Checking for 'Output\HMPs_Topos\'
2021-12-03 09:25:42,113 -  INFO -  Saving 'Output\HMPs_Topos\CA_Del_Mar_20180827_TM_geo.jpg'
2021-12-03 09:25:49,040 -  INFO -  Converting the file 'CA_Del_Mar_OE_W_20180827_TM_geo.pdf'
2021-12-03 09:26:36,173 -  INFO -  'CA_Del_Mar_OE_W_20180827_TM_geo.pdf' contains 1 page(s)
2021-12-03 09:26:36,173 -  INFO -  Checking for 'Output\HMPs_Topos\'
2021-12-03 09:26:36,173 -  INFO -  Saving 'Output\HMPs_Topos\CA_Del_Mar_OE_W_20180827_TM_geo.jpg'
2021-12-03 09:26:40,852 -  INFO -  Converting the file 'CA_El_Cajon_20180904_TM_geo.pdf'
2021-12-03 09:27:58,107 -  INFO -  'CA_El_Cajon_20180904_TM_geo.pdf' contains 1 page(s)
2021-12-03 09:27:58,108 -  INFO -  Checking for 'Output\HMPs_Topos\'
2021-12-03 09:27:58,108 -  INFO -  Saving 'Output\HMPs_Topos\CA_El_Cajon_20180904_TM_geo.jpg'
2021-12-03 09:28:04,867 -  INFO -  Converting the file 'CA_Encinitas_20180913_TM_geo.pdf'
2021-12-03 09:28:59,475 -  INFO -  'CA_Encinitas_20180913_TM_geo.pdf' contains 1 page(s)
2021-12-03 09:28:59,475 -  INFO -  Checking for 'Output\HMPs_Topos\'
2021-12-03 09:28:59,475 -  INFO -  Saving 'Output\HMPs_Topos\CA_Encinitas_20180913_TM_geo.jpg'
2021-12-03 09:29:04,848 -  INFO -  Converting the file 'CA_Escondido_20180907_TM_geo.pdf'
2021-12-03 09:30:58,018 -  INFO -  'CA_Escondido_20180907_TM_geo.pdf' contains 1 page(s)
2021-12-03 09:30:58,019 -  INFO -  Checking for 'Output\HMPs_Topos\'
2021-12-03 09:30:58,019 -  INFO -  Saving 'Output\HMPs_Topos\CA_Escondido_20180907_TM_geo.jpg'
2021-12-03 09:31:05,006 -  INFO -  Converting the file 'CA_Las_Pulgas_Canyon_20180907_TM_geo.pdf'
2021-12-03 09:32:16,238 -  INFO -  'CA_Las_Pulgas_Canyon_20180907_TM_geo.pdf' contains 1 page(s)
2021-12-03 09:32:16,238 -  INFO -  Checking for 'Output\HMPs_Topos\'
2021-12-03 09:32:16,238 -  INFO -  Saving 'Output\HMPs_Topos\CA_Las_Pulgas_Canyon_20180907_TM_geo.jpg'
2021-12-03 09:32:23,357 -  INFO -  Converting the file 'CA_Morro_Hill_20180907_TM_geo.pdf'
2021-12-03 09:33:43,227 -  INFO -  'CA_Morro_Hill_20180907_TM_geo.pdf' contains 1 page(s)
2021-12-03 09:33:43,228 -  INFO -  Checking for 'Output\HMPs_Topos\'
2021-12-03 09:33:43,228 -  INFO -  Saving 'Output\HMPs_Topos\CA_Morro_Hill_20180907_TM_geo.jpg'
2021-12-03 09:33:49,669 -  INFO -  Converting the file 'CA_Oceanside_20180907_TM_geo.pdf'
2021-12-03 09:34:34,856 -  INFO -  'CA_Oceanside_20180907_TM_geo.pdf' contains 1 page(s)
2021-12-03 09:34:34,857 -  INFO -  Checking for 'Output\HMPs_Topos\'
2021-12-03 09:34:34,857 -  INFO -  Saving 'Output\HMPs_Topos\CA_Oceanside_20180907_TM_geo.jpg'
2021-12-03 09:34:39,108 -  INFO -  Converting the file 'CA_Rancho_Santa_Fe_20180913_TM_geo.pdf'
2021-12-03 09:35:59,295 -  INFO -  'CA_Rancho_Santa_Fe_20180913_TM_geo.pdf' contains 1 page(s)
2021-12-03 09:35:59,296 -  INFO -  Checking for 'Output\HMPs_Topos\'
2021-12-03 09:35:59,296 -  INFO -  Saving 'Output\HMPs_Topos\CA_Rancho_Santa_Fe_20180913_TM_geo.jpg'
2021-12-03 09:36:06,584 -  INFO -  Converting the file 'CA_Rodriguez_Mountain_20180828_TM_geo.pdf'
2021-12-03 09:37:25,474 -  INFO -  'CA_Rodriguez_Mountain_20180828_TM_geo.pdf' contains 1 page(s)
2021-12-03 09:37:25,474 -  INFO -  Checking for 'Output\HMPs_Topos\'
2021-12-03 09:37:25,474 -  INFO -  Saving 'Output\HMPs_Topos\CA_Rodriguez_Mountain_20180828_TM_geo.jpg'
2021-12-03 09:37:33,052 -  INFO -  Converting the file 'CA_San_Luis_Rey_20180907_TM_geo.pdf'
2021-12-03 09:39:05,668 -  INFO -  'CA_San_Luis_Rey_20180907_TM_geo.pdf' contains 1 page(s)
2021-12-03 09:39:05,668 -  INFO -  Checking for 'Output\HMPs_Topos\'
2021-12-03 09:39:05,668 -  INFO -  Saving 'Output\HMPs_Topos\CA_San_Luis_Rey_20180907_TM_geo.jpg'
2021-12-03 09:39:11,467 -  INFO -  Converting the file 'CA_San_Pasqual_20180828_TM_geo.pdf'
2021-12-03 09:40:29,634 -  INFO -  'CA_San_Pasqual_20180828_TM_geo.pdf' contains 1 page(s)
2021-12-03 09:40:29,635 -  INFO -  Checking for 'Output\HMPs_Topos\'
2021-12-03 09:40:29,635 -  INFO -  Saving 'Output\HMPs_Topos\CA_San_Pasqual_20180828_TM_geo.jpg'
2021-12-03 09:40:36,938 -  INFO -  Wand program has SUCCESSFULLY RAN
2021-12-03 12:14:31,949 -  INFO -  The current working directory is C:\Users\User\Desktop\GIS\PDF to Image
2021-12-03 12:14:31,949 -  INFO -  Pdf2image program is STARTING...
2021-12-03 12:14:31,949 -  INFO -  Going through the input folder 'HMPs_Topos'
2021-12-03 12:14:31,949 -  INFO -  Converting the file 'CA_Borrego_Sink_20180828_TM_geo.pdf'
2021-12-03 12:14:32,207 -  INFO -  'CA_Borrego_Sink_20180828_TM_geo' contains 0 page(s)
2021-12-03 12:14:32,207 -  INFO -  Checking for 'Output\HMPs_Topos\'
2021-12-03 12:14:32,207 -  INFO -  Converting the file 'CA_Clark_Lake_20180828_TM_geo.pdf'
2021-12-03 12:14:32,340 -  INFO -  'CA_Clark_Lake_20180828_TM_geo' contains 0 page(s)
2021-12-03 12:14:32,340 -  INFO -  Checking for 'Output\HMPs_Topos\'
2021-12-03 12:14:32,341 -  INFO -  Converting the file 'CA_Del_Mar_20180827_TM_geo.pdf'
2021-12-03 12:14:32,403 -  INFO -  'CA_Del_Mar_20180827_TM_geo' contains 0 page(s)
2021-12-03 12:14:32,403 -  INFO -  Checking for 'Output\HMPs_Topos\'
2021-12-03 12:14:32,403 -  INFO -  Converting the file 'CA_Del_Mar_OE_W_20180827_TM_geo.pdf'
2021-12-03 12:14:32,475 -  INFO -  'CA_Del_Mar_OE_W_20180827_TM_geo' contains 0 page(s)
2021-12-03 12:14:32,475 -  INFO -  Checking for 'Output\HMPs_Topos\'
2021-12-03 12:14:32,475 -  INFO -  Converting the file 'CA_El_Cajon_20180904_TM_geo.pdf'
2021-12-03 12:14:32,539 -  INFO -  'CA_El_Cajon_20180904_TM_geo' contains 0 page(s)
2021-12-03 12:14:32,539 -  INFO -  Checking for 'Output\HMPs_Topos\'
2021-12-03 12:14:32,539 -  INFO -  Converting the file 'CA_Encinitas_20180913_TM_geo.pdf'
2021-12-03 12:14:32,601 -  INFO -  'CA_Encinitas_20180913_TM_geo' contains 0 page(s)
2021-12-03 12:14:32,602 -  INFO -  Checking for 'Output\HMPs_Topos\'
2021-12-03 12:14:32,602 -  INFO -  Converting the file 'CA_Escondido_20180907_TM_geo.pdf'
2021-12-03 12:14:32,664 -  INFO -  'CA_Escondido_20180907_TM_geo' contains 0 page(s)
2021-12-03 12:14:32,664 -  INFO -  Checking for 'Output\HMPs_Topos\'
2021-12-03 12:14:32,664 -  INFO -  Converting the file 'CA_Las_Pulgas_Canyon_20180907_TM_geo.pdf'
2021-12-03 12:14:32,725 -  INFO -  'CA_Las_Pulgas_Canyon_20180907_TM_geo' contains 0 page(s)
2021-12-03 12:14:32,725 -  INFO -  Checking for 'Output\HMPs_Topos\'
2021-12-03 12:14:32,725 -  INFO -  Converting the file 'CA_Morro_Hill_20180907_TM_geo.pdf'
2021-12-03 12:14:32,786 -  INFO -  'CA_Morro_Hill_20180907_TM_geo' contains 0 page(s)
2021-12-03 12:14:32,786 -  INFO -  Checking for 'Output\HMPs_Topos\'
2021-12-03 12:14:32,786 -  INFO -  Converting the file 'CA_Oceanside_20180907_TM_geo.pdf'
2021-12-03 12:14:32,846 -  INFO -  'CA_Oceanside_20180907_TM_geo' contains 0 page(s)
2021-12-03 12:14:32,846 -  INFO -  Checking for 'Output\HMPs_Topos\'
2021-12-03 12:14:32,846 -  INFO -  Converting the file 'CA_Rancho_Santa_Fe_20180913_TM_geo.pdf'
2021-12-03 12:14:32,907 -  INFO -  'CA_Rancho_Santa_Fe_20180913_TM_geo' contains 0 page(s)
2021-12-03 12:14:32,907 -  INFO -  Checking for 'Output\HMPs_Topos\'
2021-12-03 12:14:32,907 -  INFO -  Converting the file 'CA_Rodriguez_Mountain_20180828_TM_geo.pdf'
2021-12-03 12:14:32,968 -  INFO -  'CA_Rodriguez_Mountain_20180828_TM_geo' contains 0 page(s)
2021-12-03 12:14:32,968 -  INFO -  Checking for 'Output\HMPs_Topos\'
2021-12-03 12:14:32,969 -  INFO -  Converting the file 'CA_San_Luis_Rey_20180907_TM_geo.pdf'
2021-12-03 12:14:33,030 -  INFO -  'CA_San_Luis_Rey_20180907_TM_geo' contains 0 page(s)
2021-12-03 12:14:33,030 -  INFO -  Checking for 'Output\HMPs_Topos\'
2021-12-03 12:14:33,031 -  INFO -  Converting the file 'CA_San_Pasqual_20180828_TM_geo.pdf'
2021-12-03 12:14:33,092 -  INFO -  'CA_San_Pasqual_20180828_TM_geo' contains 0 page(s)
2021-12-03 12:14:33,092 -  INFO -  Checking for 'Output\HMPs_Topos\'
2021-12-03 12:14:33,092 -  INFO -  Pdf2image program has SUCCESSFULLY RAN
2021-12-03 12:20:41,590 -  INFO -  The current working directory is C:\Users\User\Desktop\GIS\PDF to Image
2021-12-03 12:20:41,590 -  INFO -  Pdf2image program is STARTING...
2021-12-03 12:20:41,590 -  INFO -  Going through the input folder 'HMPs_Topos'
2021-12-03 12:20:41,590 -  INFO -  Converting the file 'CA_Borrego_Sink_20180828_TM_geo.pdf'
2021-12-03 12:20:41,646 -  INFO -  'CA_Borrego_Sink_20180828_TM_geo' contains 0 page(s)
2021-12-03 12:20:41,647 -  INFO -  Checking for 'Output\HMPs_Topos\'
2021-12-03 12:20:41,647 -  INFO -  Converting the file 'CA_Clark_Lake_20180828_TM_geo.pdf'
2021-12-03 12:20:41,699 -  INFO -  'CA_Clark_Lake_20180828_TM_geo' contains 0 page(s)
2021-12-03 12:20:41,699 -  INFO -  Checking for 'Output\HMPs_Topos\'
2021-12-03 12:20:41,699 -  INFO -  Converting the file 'CA_Del_Mar_20180827_TM_geo.pdf'
2021-12-03 12:20:41,752 -  INFO -  'CA_Del_Mar_20180827_TM_geo' contains 0 page(s)
2021-12-03 12:20:41,752 -  INFO -  Checking for 'Output\HMPs_Topos\'
2021-12-03 12:20:41,752 -  INFO -  Converting the file 'CA_Del_Mar_OE_W_20180827_TM_geo.pdf'
2021-12-03 12:20:41,805 -  INFO -  'CA_Del_Mar_OE_W_20180827_TM_geo' contains 0 page(s)
2021-12-03 12:20:41,806 -  INFO -  Checking for 'Output\HMPs_Topos\'
2021-12-03 12:20:41,806 -  INFO -  Converting the file 'CA_El_Cajon_20180904_TM_geo.pdf'
2021-12-03 12:20:41,859 -  INFO -  'CA_El_Cajon_20180904_TM_geo' contains 0 page(s)
2021-12-03 12:20:41,859 -  INFO -  Checking for 'Output\HMPs_Topos\'
2021-12-03 12:20:41,860 -  INFO -  Converting the file 'CA_Encinitas_20180913_TM_geo.pdf'
2021-12-03 12:20:41,913 -  INFO -  'CA_Encinitas_20180913_TM_geo' contains 0 page(s)
2021-12-03 12:20:41,913 -  INFO -  Checking for 'Output\HMPs_Topos\'
2021-12-03 12:20:41,913 -  INFO -  Converting the file 'CA_Escondido_20180907_TM_geo.pdf'
2021-12-03 12:20:41,966 -  INFO -  'CA_Escondido_20180907_TM_geo' contains 0 page(s)
2021-12-03 12:20:41,967 -  INFO -  Checking for 'Output\HMPs_Topos\'
2021-12-03 12:20:41,967 -  INFO -  Converting the file 'CA_Las_Pulgas_Canyon_20180907_TM_geo.pdf'
2021-12-03 12:20:42,020 -  INFO -  'CA_Las_Pulgas_Canyon_20180907_TM_geo' contains 0 page(s)
2021-12-03 12:20:42,020 -  INFO -  Checking for 'Output\HMPs_Topos\'
2021-12-03 12:20:42,020 -  INFO -  Converting the file 'CA_Morro_Hill_20180907_TM_geo.pdf'
2021-12-03 12:20:42,074 -  INFO -  'CA_Morro_Hill_20180907_TM_geo' contains 0 page(s)
2021-12-03 12:20:42,074 -  INFO -  Checking for 'Output\HMPs_Topos\'
2021-12-03 12:20:42,074 -  INFO -  Converting the file 'CA_Oceanside_20180907_TM_geo.pdf'
2021-12-03 12:20:42,127 -  INFO -  'CA_Oceanside_20180907_TM_geo' contains 0 page(s)
2021-12-03 12:20:42,127 -  INFO -  Checking for 'Output\HMPs_Topos\'
2021-12-03 12:20:42,127 -  INFO -  Converting the file 'CA_Rancho_Santa_Fe_20180913_TM_geo.pdf'
2021-12-03 12:20:42,181 -  INFO -  'CA_Rancho_Santa_Fe_20180913_TM_geo' contains 0 page(s)
2021-12-03 12:20:42,181 -  INFO -  Checking for 'Output\HMPs_Topos\'
2021-12-03 12:20:42,182 -  INFO -  Converting the file 'CA_Rodriguez_Mountain_20180828_TM_geo.pdf'
2021-12-03 12:20:42,236 -  INFO -  'CA_Rodriguez_Mountain_20180828_TM_geo' contains 0 page(s)
2021-12-03 12:20:42,236 -  INFO -  Checking for 'Output\HMPs_Topos\'
2021-12-03 12:20:42,236 -  INFO -  Converting the file 'CA_San_Luis_Rey_20180907_TM_geo.pdf'
2021-12-03 12:20:42,294 -  INFO -  'CA_San_Luis_Rey_20180907_TM_geo' contains 0 page(s)
2021-12-03 12:20:42,294 -  INFO -  Checking for 'Output\HMPs_Topos\'
2021-12-03 12:20:42,294 -  INFO -  Converting the file 'CA_San_Pasqual_20180828_TM_geo.pdf'
2021-12-03 12:20:42,351 -  INFO -  'CA_San_Pasqual_20180828_TM_geo' contains 0 page(s)
2021-12-03 12:20:42,351 -  INFO -  Checking for 'Output\HMPs_Topos\'
2021-12-03 12:20:42,351 -  INFO -  Pdf2image program has SUCCESSFULLY RAN
2021-12-03 12:28:53,111 -  INFO -  The current working directory is C:\Users\User\Desktop\GIS\PDF to Image
2021-12-03 12:28:53,111 -  INFO -  Pdf2image program is STARTING...
2021-12-03 12:28:53,111 -  INFO -  Going through the input folder 'HMPs_Topos'
2021-12-03 12:28:53,111 -  INFO -  Converting the file 'CA_Borrego_Sink_20180828_TM_geo.pdf'
2021-12-03 12:29:38,135 -  DEBUG -  STREAM b'IHDR' 16 13
2021-12-03 12:29:38,135 -  DEBUG -  STREAM b'pHYs' 41 9
2021-12-03 12:29:38,135 -  DEBUG -  STREAM b'IDAT' 62 8192
2021-12-03 12:29:38,135 -  ERROR -  Image size (391500000 pixels) exceeds limit of 178956970 pixels, could be decompression bomb DOS attack.
2021-12-03 12:29:38,137 -  INFO -  Converting the file 'CA_Clark_Lake_20180828_TM_geo.pdf'
2021-12-03 12:30:26,487 -  DEBUG -  STREAM b'IHDR' 16 13
2021-12-03 12:30:26,487 -  DEBUG -  STREAM b'pHYs' 41 9
2021-12-03 12:30:26,487 -  DEBUG -  STREAM b'IDAT' 62 8192
2021-12-03 12:30:26,487 -  ERROR -  Image size (391500000 pixels) exceeds limit of 178956970 pixels, could be decompression bomb DOS attack.
2021-12-03 12:30:26,489 -  INFO -  Converting the file 'CA_Del_Mar_20180827_TM_geo.pdf'
2021-12-03 12:31:48,401 -  DEBUG -  STREAM b'IHDR' 16 13
2021-12-03 12:31:48,401 -  DEBUG -  STREAM b'pHYs' 41 9
2021-12-03 12:31:48,401 -  DEBUG -  STREAM b'IDAT' 62 8192
2021-12-03 12:31:48,401 -  ERROR -  Image size (391500000 pixels) exceeds limit of 178956970 pixels, could be decompression bomb DOS attack.
2021-12-03 12:31:48,405 -  INFO -  Converting the file 'CA_Del_Mar_OE_W_20180827_TM_geo.pdf'
2021-12-03 12:32:24,840 -  DEBUG -  STREAM b'IHDR' 16 13
2021-12-03 12:32:24,840 -  DEBUG -  STREAM b'pHYs' 41 9
2021-12-03 12:32:24,840 -  DEBUG -  STREAM b'IDAT' 62 8192
2021-12-03 12:32:24,840 -  ERROR -  Image size (391500000 pixels) exceeds limit of 178956970 pixels, could be decompression bomb DOS attack.
2021-12-03 12:32:24,841 -  INFO -  Converting the file 'CA_El_Cajon_20180904_TM_geo.pdf'
2021-12-03 12:39:05,144 -  INFO -  The current working directory is C:\Users\User\Desktop\GIS\PDF to Image
2021-12-03 12:39:05,145 -  INFO -  Pdf2image program is STARTING...
2021-12-03 12:39:05,145 -  INFO -  Going through the input folder 'HMPs_Topos'
2021-12-03 12:39:05,145 -  INFO -  Converting the file 'CA_Borrego_Sink_20180828_TM_geo.pdf'
2021-12-03 12:39:49,282 -  DEBUG -  STREAM b'IHDR' 16 13
2021-12-03 12:39:49,282 -  DEBUG -  STREAM b'pHYs' 41 9
2021-12-03 12:39:49,283 -  DEBUG -  STREAM b'IDAT' 62 8192
2021-12-03 12:39:49,283 -  INFO -  'CA_Borrego_Sink_20180828_TM_geo' contains 1 page(s)
2021-12-03 12:39:49,283 -  INFO -  Checking for 'Output\HMPs_Topos\'
2021-12-03 12:39:49,283 -  ERROR -  'tuple' object has no attribute 'save'
2021-12-03 12:39:49,284 -  INFO -  Converting the file 'CA_Clark_Lake_20180828_TM_geo.pdf'
2021-12-03 12:40:36,613 -  DEBUG -  STREAM b'IHDR' 16 13
2021-12-03 12:40:36,613 -  DEBUG -  STREAM b'pHYs' 41 9
2021-12-03 12:40:36,613 -  DEBUG -  STREAM b'IDAT' 62 8192
2021-12-03 12:40:36,613 -  INFO -  'CA_Clark_Lake_20180828_TM_geo' contains 1 page(s)
2021-12-03 12:40:36,613 -  INFO -  Checking for 'Output\HMPs_Topos\'
2021-12-03 12:40:36,614 -  ERROR -  'tuple' object has no attribute 'save'
2021-12-03 12:40:36,615 -  INFO -  Converting the file 'CA_Del_Mar_20180827_TM_geo.pdf'
2021-12-03 12:41:57,800 -  DEBUG -  STREAM b'IHDR' 16 13
2021-12-03 12:41:57,800 -  DEBUG -  STREAM b'pHYs' 41 9
2021-12-03 12:41:57,800 -  DEBUG -  STREAM b'IDAT' 62 8192
2021-12-03 12:41:57,800 -  INFO -  'CA_Del_Mar_20180827_TM_geo' contains 1 page(s)
2021-12-03 12:41:57,800 -  INFO -  Checking for 'Output\HMPs_Topos\'
2021-12-03 12:41:57,800 -  ERROR -  'tuple' object has no attribute 'save'
2021-12-03 12:41:57,804 -  INFO -  Converting the file 'CA_Del_Mar_OE_W_20180827_TM_geo.pdf'
2021-12-03 12:42:36,046 -  DEBUG -  STREAM b'IHDR' 16 13
2021-12-03 12:42:36,046 -  DEBUG -  STREAM b'pHYs' 41 9
2021-12-03 12:42:36,046 -  DEBUG -  STREAM b'IDAT' 62 8192
2021-12-03 12:42:36,047 -  INFO -  'CA_Del_Mar_OE_W_20180827_TM_geo' contains 1 page(s)
2021-12-03 12:42:36,047 -  INFO -  Checking for 'Output\HMPs_Topos\'
2021-12-03 12:42:36,047 -  ERROR -  'tuple' object has no attribute 'save'
2021-12-03 12:42:36,048 -  INFO -  Converting the file 'CA_El_Cajon_20180904_TM_geo.pdf'
2021-12-03 12:43:08,538 -  INFO -  The current working directory is C:\Users\User\Desktop\GIS\PDF to Image
2021-12-03 12:45:50,754 -  INFO -  The current working directory is C:\Users\User\Desktop\GIS\PDF to Image
2021-12-03 12:45:50,754 -  INFO -  Pdf2image program is STARTING...
2021-12-03 12:45:50,755 -  INFO -  Going through the input folder 'HMPs_Topos'
2021-12-03 12:45:50,755 -  INFO -  Converting the file 'CA_Borrego_Sink_20180828_TM_geo.pdf'
2021-12-03 12:46:36,011 -  DEBUG -  STREAM b'IHDR' 16 13
2021-12-03 12:46:36,011 -  DEBUG -  STREAM b'pHYs' 41 9
2021-12-03 12:46:36,011 -  DEBUG -  STREAM b'IDAT' 62 8192
2021-12-03 12:46:36,011 -  INFO -  'CA_Borrego_Sink_20180828_TM_geo' contains 1 page(s)
2021-12-03 12:46:36,011 -  INFO -  Checking for 'Output\HMPs_Topos\'
2021-12-03 12:46:52,695 -  INFO -  Converting the file 'CA_Clark_Lake_20180828_TM_geo.pdf'
2021-12-03 12:47:41,852 -  DEBUG -  STREAM b'IHDR' 16 13
2021-12-03 12:47:41,853 -  DEBUG -  STREAM b'pHYs' 41 9
2021-12-03 12:47:41,853 -  DEBUG -  STREAM b'IDAT' 62 8192
2021-12-03 12:47:41,853 -  INFO -  'CA_Clark_Lake_20180828_TM_geo' contains 1 page(s)
2021-12-03 12:47:41,853 -  INFO -  Checking for 'Output\HMPs_Topos\'
2021-12-03 12:47:58,382 -  INFO -  Converting the file 'CA_Del_Mar_20180827_TM_geo.pdf'
2021-12-03 18:20:56,858 -  INFO -  The current working directory is C:\Users\User\Desktop\GIS\PDF to Image
2021-12-03 18:20:56,858 -  INFO -  Pdf2image program is STARTING...
2021-12-03 18:20:56,858 -  INFO -  Going through the input folder 'HMPs_Topos'
2021-12-03 18:20:56,858 -  INFO -  Converting the file 'CA_Borrego_Sink_20180828_TM_geo.pdf'
2021-12-03 18:21:46,310 -  DEBUG -  STREAM b'IHDR' 16 13
2021-12-03 18:21:46,311 -  DEBUG -  STREAM b'pHYs' 41 9
2021-12-03 18:21:46,311 -  DEBUG -  STREAM b'IDAT' 62 8192
2021-12-03 18:21:46,311 -  INFO -  'CA_Borrego_Sink_20180828_TM_geo' contains 1 page(s)
2021-12-03 18:21:46,311 -  INFO -  Checking for 'Output\HMPs_Topos\'
2021-12-03 18:22:02,590 -  INFO -  Converting the file 'CA_Clark_Lake_20180828_TM_geo.pdf'
2021-12-03 18:22:50,381 -  DEBUG -  STREAM b'IHDR' 16 13
2021-12-03 18:22:50,381 -  DEBUG -  STREAM b'pHYs' 41 9
2021-12-03 18:22:50,381 -  DEBUG -  STREAM b'IDAT' 62 8192
2021-12-03 18:22:50,381 -  INFO -  'CA_Clark_Lake_20180828_TM_geo' contains 1 page(s)
2021-12-03 18:22:50,381 -  INFO -  Checking for 'Output\HMPs_Topos\'
2021-12-03 18:23:06,671 -  INFO -  Pdf2image program has SUCCESSFULLY RAN
2021-12-24 16:03:25,066 -  INFO -  The current working directory is C:\Users\User\Desktop\GIS\PDF to Image
2021-12-24 16:03:25,067 -  INFO -  Pdf2image program is STARTING...
2021-12-24 16:03:25,067 -  INFO -  Pdf2image program has SUCCESSFULLY RAN
2021-12-24 16:04:38,904 -  INFO -  The current working directory is C:\Users\User\Desktop\GIS\PDF to Image
2021-12-24 16:04:38,904 -  INFO -  Wand program is STARTING...
2021-12-24 16:04:38,905 -  INFO -  Wand program has SUCCESSFULLY RAN
2021-12-24 16:04:41,114 -  INFO -  The current working directory is C:\Users\User\Desktop\GIS\PDF to Image
2021-12-24 16:04:41,114 -  INFO -  Wand program is STARTING...
2021-12-24 16:04:41,114 -  INFO -  Wand program has SUCCESSFULLY RAN
2021-12-24 16:04:55,118 -  INFO -  The current working directory is C:\Users\User\Desktop\GIS\PDF to Image
2021-12-24 16:04:55,118 -  INFO -  Wand program is STARTING...
2021-12-24 16:04:55,118 -  INFO -  Wand program has SUCCESSFULLY RAN
2021-12-24 20:42:01,886 -  INFO -  The current working directory is C:\Users\User\Desktop\GIS\PDF to Image
2021-12-24 20:42:01,887 -  INFO -  Pdf2image program is STARTING...
2021-12-24 20:42:01,887 -  INFO -  Pdf2image program has SUCCESSFULLY RAN
2021-12-24 20:42:05,911 -  INFO -  The current working directory is C:\Users\User\Desktop\GIS\PDF to Image
2021-12-24 20:42:05,911 -  INFO -  Pdf2image program is STARTING...
2021-12-24 20:42:05,911 -  INFO -  Pdf2image program has SUCCESSFULLY RAN
2021-12-24 20:43:54,703 -  INFO -  The current working directory is C:\Users\User\Desktop\GIS\PDF to Image
2021-12-24 20:43:54,703 -  INFO -  Pdf2image program is STARTING...
2021-12-24 20:43:54,703 -  INFO -  Going through the input folder 'Granville Homes'
2021-12-24 20:43:54,703 -  INFO -  Converting the file '6260 DeYoung.pdf'
2021-12-24 20:44:29,097 -  DEBUG -  STREAM b'IHDR' 16 13
2021-12-24 20:44:29,097 -  DEBUG -  STREAM b'pHYs' 41 9
2021-12-24 20:44:29,098 -  DEBUG -  STREAM b'IDAT' 62 8192
2021-12-24 20:44:29,098 -  INFO -  '6260 DeYoung' contains 1 page(s)
2021-12-24 20:44:29,098 -  INFO -  Checking for 'Output\Granville Homes\'
2021-12-24 20:44:29,098 -  INFO -  'Output\Granville Homes\' does not exist, so it is being created
2021-12-24 20:44:46,990 -  INFO -  Pdf2image program has SUCCESSFULLY RAN
2021-12-24 20:50:04,883 -  INFO -  The current working directory is C:\Users\User\Desktop\GIS\PDF to Image
2021-12-24 20:50:04,883 -  INFO -  Pdf2image program is STARTING...
2021-12-24 20:50:04,883 -  INFO -  Pdf2image program has SUCCESSFULLY RAN
2021-12-24 20:50:14,937 -  INFO -  The current working directory is C:\Users\User\Desktop\GIS\PDF to Image
2021-12-24 20:50:14,937 -  INFO -  Pdf2image program is STARTING...
2021-12-24 20:50:14,937 -  INFO -  Pdf2image program has SUCCESSFULLY RAN
2021-12-24 20:51:31,570 -  INFO -  The current working directory is C:\Users\User\Desktop\GIS\PDF to Image
2021-12-24 20:51:31,570 -  INFO -  Pdf2image program is STARTING...
2021-12-24 20:51:31,570 -  INFO -  Going through the input folder 'Granville Homes'
2021-12-24 20:51:31,570 -  INFO -  Converting the file '6260 DeYoung.pdf'
2021-12-24 20:52:02,130 -  DEBUG -  STREAM b'IHDR' 16 13
2021-12-24 20:52:02,130 -  DEBUG -  STREAM b'pHYs' 41 9
2021-12-24 20:52:02,130 -  DEBUG -  STREAM b'IDAT' 62 8192
2021-12-24 20:52:02,131 -  INFO -  '6260 DeYoung' contains 1 page(s)
2021-12-24 20:52:02,131 -  INFO -  Checking for 'Output\Granville Homes\'
2021-12-24 20:52:02,131 -  INFO -  'Output\Granville Homes\' does not exist, so it is being created
2021-12-24 20:52:20,073 -  INFO -  Pdf2image program has RAN
2021-12-24 20:55:27,586 -  INFO -  The current working directory is C:\Users\User\Desktop\GIS\PDF to Image
2021-12-24 20:55:27,586 -  INFO -  Wand program is STARTING...
2021-12-24 20:55:27,586 -  INFO -  Going through the input folder 'Granville Homes'
2021-12-24 20:55:27,586 -  INFO -  Converting the file '6260 DeYoung.pdf'
2021-12-24 20:56:12,948 -  INFO -  '6260 DeYoung.pdf' contains 1 page(s)
2021-12-24 20:56:12,948 -  INFO -  Checking for 'Output\Granville Homes\'
2021-12-24 20:56:12,948 -  INFO -  'Output\Granville Homes\' does not exist, so it is being created
2021-12-24 20:56:12,948 -  INFO -  Saving 'Output\Granville Homes\6260 DeYoung.jpg'
2021-12-24 20:56:19,952 -  INFO -  Wand program has RAN


2023-03-06 13:50:39,649 -  INFO -  The current working directory is C:\Users\User\Desktop\GIS\PDF to Image
2023-03-06 13:50:39,649 -  INFO -  Pdf2image program is STARTING...
2023-03-06 13:50:39,649 -  INFO -  Going through the input folder 'As-Builts 1'
2023-03-06 13:50:39,649 -  INFO -  Converting the file '4A 1st Flr B&W.pdf'
2023-03-06 13:50:43,603 -  DEBUG -  STREAM b'IHDR' 16 13
2023-03-06 13:50:43,603 -  DEBUG -  STREAM b'pHYs' 41 9
2023-03-06 13:50:43,603 -  DEBUG -  STREAM b'IDAT' 62 8192
2023-03-06 13:50:43,603 -  INFO -  '4A 1st Flr B&W' contains 1 page(s)
2023-03-06 13:50:43,603 -  INFO -  Checking for 'Output\As-Builts 1\'
2023-03-06 13:50:43,603 -  INFO -  'Output\As-Builts 1\' does not exist, so it is being created
2023-03-06 13:50:45,544 -  INFO -  Converting the file '4B 1st Flr Color.pdf'
2023-03-06 13:50:49,622 -  DEBUG -  STREAM b'IHDR' 16 13
2023-03-06 13:50:49,623 -  DEBUG -  STREAM b'pHYs' 41 9
2023-03-06 13:50:49,623 -  DEBUG -  STREAM b'IDAT' 62 8192
2023-03-06 13:50:49,623 -  INFO -  '4B 1st Flr Color' contains 1 page(s)
2023-03-06 13:50:49,623 -  INFO -  Checking for 'Output\As-Builts 1\'
2023-03-06 13:50:51,739 -  INFO -  Going through the input folder 'As-Builts 2'
2023-03-06 13:50:51,740 -  INFO -  Converting the file '5A 2nd Flr B&W.pdf'
2023-03-06 13:50:55,170 -  DEBUG -  STREAM b'IHDR' 16 13
2023-03-06 13:50:55,170 -  DEBUG -  STREAM b'pHYs' 41 9
2023-03-06 13:50:55,170 -  DEBUG -  STREAM b'IDAT' 62 8192
2023-03-06 13:50:55,170 -  INFO -  '5A 2nd Flr B&W' contains 1 page(s)
2023-03-06 13:50:55,170 -  INFO -  Checking for 'Output\As-Builts 2\'
2023-03-06 13:50:55,171 -  INFO -  'Output\As-Builts 2\' does not exist, so it is being created
2023-03-06 13:50:57,059 -  INFO -  Converting the file '5B 2nd Flr Color.pdf'
2023-03-06 13:51:00,431 -  DEBUG -  STREAM b'IHDR' 16 13
2023-03-06 13:51:00,431 -  DEBUG -  STREAM b'pHYs' 41 9
2023-03-06 13:51:00,431 -  DEBUG -  STREAM b'IDAT' 62 8192
2023-03-06 13:51:00,431 -  INFO -  '5B 2nd Flr Color' contains 1 page(s)
2023-03-06 13:51:00,431 -  INFO -  Checking for 'Output\As-Builts 2\'
2023-03-06 13:51:02,245 -  INFO -  Pdf2image program has RAN
2023-03-06 13:51:29,752 -  INFO -  The current working directory is C:\Users\User\Desktop\GIS\PDF to Image
2023-03-06 13:51:29,752 -  INFO -  Wand program is STARTING...
2023-03-06 13:51:29,752 -  INFO -  Going through the input folder 'As-Builts 1'
2023-03-06 13:51:29,752 -  INFO -  Converting the file '4A 1st Flr B&W.pdf'
2023-03-06 13:51:34,929 -  INFO -  '4A 1st Flr B&W.pdf' contains 1 page(s)
2023-03-06 13:51:34,930 -  INFO -  Checking for 'Output\As-Builts 1\'
2023-03-06 13:51:34,930 -  INFO -  Saving 'Output\As-Builts 1\4A 1st Flr B&W.jpg'
2023-03-06 13:51:35,617 -  INFO -  Converting the file '4B 1st Flr Color.pdf'
2023-03-06 13:51:40,768 -  INFO -  '4B 1st Flr Color.pdf' contains 1 page(s)
2023-03-06 13:51:40,768 -  INFO -  Checking for 'Output\As-Builts 1\'
2023-03-06 13:51:40,769 -  INFO -  Saving 'Output\As-Builts 1\4B 1st Flr Color.jpg'
2023-03-06 13:51:41,443 -  INFO -  Going through the input folder 'As-Builts 2'
2023-03-06 13:51:41,443 -  INFO -  Converting the file '5A 2nd Flr B&W.pdf'
2023-03-06 13:51:45,491 -  INFO -  '5A 2nd Flr B&W.pdf' contains 1 page(s)
2023-03-06 13:51:45,491 -  INFO -  Checking for 'Output\As-Builts 2\'
2023-03-06 13:51:45,491 -  INFO -  Saving 'Output\As-Builts 2\5A 2nd Flr B&W.jpg'
2023-03-06 13:51:46,200 -  INFO -  Converting the file '5B 2nd Flr Color.pdf'
2023-03-06 13:51:50,163 -  INFO -  '5B 2nd Flr Color.pdf' contains 1 page(s)
2023-03-06 13:51:50,163 -  INFO -  Checking for 'Output\As-Builts 2\'
2023-03-06 13:51:50,163 -  INFO -  Saving 'Output\As-Builts 2\5B 2nd Flr Color.jpg'
2023-03-06 13:51:50,779 -  INFO -  Wand program has RAN
2023-04-14 10:13:36,452 -  INFO -  The current working directory is C:\Users\User\Desktop\GIS\PDF to Image
2023-04-14 10:13:36,452 -  INFO -  Pdf2image program is STARTING...
2023-04-14 10:13:36,452 -  INFO -  Going through the input folder 'PDFs'
2023-04-14 10:13:36,452 -  INFO -  Converting the file '1.1 Otay Mesa.pdf'
2023-04-14 10:15:03,016 -  DEBUG -  STREAM b'IHDR' 16 13
2023-04-14 10:15:03,016 -  DEBUG -  STREAM b'pHYs' 41 9
2023-04-14 10:15:03,016 -  DEBUG -  STREAM b'IDAT' 62 8192
2023-04-14 10:15:03,016 -  INFO -  '1.1 Otay Mesa' contains 1 page(s)
2023-04-14 10:15:03,016 -  INFO -  Checking for 'Output\PDFs\'
2023-04-14 10:15:03,016 -  INFO -  'Output\PDFs\' does not exist, so it is being created
2023-04-14 10:15:18,447 -  INFO -  Converting the file '1.2 Fiesta Island.pdf'
2023-04-14 10:16:48,946 -  DEBUG -  STREAM b'IHDR' 16 13
2023-04-14 10:16:48,946 -  DEBUG -  STREAM b'pHYs' 41 9
2023-04-14 10:16:48,946 -  DEBUG -  STREAM b'IDAT' 62 8192
2023-04-14 10:16:48,946 -  INFO -  '1.2 Fiesta Island' contains 1 page(s)
2023-04-14 10:16:48,946 -  INFO -  Checking for 'Output\PDFs\'
2023-04-14 10:17:05,127 -  INFO -  Pdf2image program has RAN
2023-04-14 10:58:05,508 -  INFO -  The current working directory is C:\Users\User\Desktop\GIS\PDF to Image
2023-04-14 10:58:05,509 -  INFO -  Wand program is STARTING...
2023-04-14 10:58:05,509 -  INFO -  Going through the input folder 'PDFs'
2023-04-14 10:58:05,509 -  INFO -  Converting the file '1.1 Otay Mesa.pdf'
2023-04-14 10:58:32,401 -  INFO -  '1.1 Otay Mesa.pdf' contains 1 page(s)
2023-04-14 10:58:32,401 -  INFO -  Checking for 'Output\PDFs\'
2023-04-14 10:58:32,401 -  INFO -  Saving 'Output\PDFs\1.1 Otay Mesa.jpg'
2023-04-14 10:58:33,662 -  INFO -  Converting the file '1.2 Fiesta Island.pdf'
2023-04-14 10:59:07,482 -  INFO -  '1.2 Fiesta Island.pdf' contains 1 page(s)
2023-04-14 10:59:07,482 -  INFO -  Checking for 'Output\PDFs\'
2023-04-14 10:59:07,482 -  INFO -  Saving 'Output\PDFs\1.2 Fiesta Island.jpg'
2023-04-14 10:59:08,932 -  INFO -  Wand program has RAN
2023-04-14 11:00:43,706 -  INFO -  The current working directory is C:\Users\User\Desktop\GIS\PDF to Image
2023-04-14 11:00:43,706 -  INFO -  Pdf2image program is STARTING...
2023-04-14 11:00:43,706 -  INFO -  Going through the input folder 'PDFs'
2023-04-14 11:00:43,706 -  INFO -  Converting the file '1.1 Otay Mesa.pdf'
2023-04-14 11:02:04,171 -  DEBUG -  STREAM b'IHDR' 16 13
2023-04-14 11:02:04,171 -  DEBUG -  STREAM b'pHYs' 41 9
2023-04-14 11:02:04,171 -  DEBUG -  STREAM b'IDAT' 62 8192
2023-04-14 11:02:04,171 -  ERROR -  Image size (52593750 pixels) exceeds limit of 2000 pixels, could be decompression bomb DOS attack.
2023-04-14 11:02:04,173 -  INFO -  Converting the file '1.2 Fiesta Island.pdf'
2023-04-14 11:03:32,391 -  DEBUG -  STREAM b'IHDR' 16 13
2023-04-14 11:03:32,391 -  DEBUG -  STREAM b'pHYs' 41 9
2023-04-14 11:03:32,391 -  DEBUG -  STREAM b'IDAT' 62 8192
2023-04-14 11:03:32,391 -  ERROR -  Image size (52593750 pixels) exceeds limit of 2000 pixels, could be decompression bomb DOS attack.
2023-04-14 11:03:32,395 -  INFO -  Pdf2image program has RAN
2023-04-14 11:05:01,765 -  INFO -  The current working directory is C:\Users\User\Desktop\GIS\PDF to Image
2023-04-14 11:05:01,765 -  INFO -  Pdf2image program is STARTING...
2023-04-14 11:05:01,765 -  INFO -  Going through the input folder 'PDFs'
2023-04-14 11:05:01,765 -  INFO -  Converting the file '1.1 Otay Mesa.pdf'
2023-04-14 11:06:22,316 -  DEBUG -  STREAM b'IHDR' 16 13
2023-04-14 11:06:22,316 -  DEBUG -  STREAM b'pHYs' 41 9
2023-04-14 11:06:22,316 -  DEBUG -  STREAM b'IDAT' 62 8192
2023-04-14 11:06:22,316 -  ERROR -  Image size (52593750 pixels) exceeds limit of 2000 pixels, could be decompression bomb DOS attack.
2023-04-14 11:06:22,326 -  INFO -  Converting the file '1.2 Fiesta Island.pdf'
2023-04-14 11:07:54,830 -  DEBUG -  STREAM b'IHDR' 16 13
2023-04-14 11:07:54,830 -  DEBUG -  STREAM b'pHYs' 41 9
2023-04-14 11:07:54,830 -  DEBUG -  STREAM b'IDAT' 62 8192
2023-04-14 11:07:54,830 -  ERROR -  Image size (52593750 pixels) exceeds limit of 2000 pixels, could be decompression bomb DOS attack.
2023-04-14 11:07:54,830 -  INFO -  Pdf2image program has RAN
2023-04-14 11:08:44,001 -  INFO -  The current working directory is C:\Users\User\Desktop\GIS\PDF to Image
2023-04-14 11:08:44,002 -  INFO -  Wand program is STARTING...
2023-04-14 11:08:44,002 -  INFO -  Going through the input folder 'PDFs'
2023-04-14 11:08:44,002 -  INFO -  Converting the file '1.1 Otay Mesa.pdf'
2023-04-14 11:08:52,123 -  INFO -  '1.1 Otay Mesa.pdf' contains 1 page(s)
2023-04-14 11:08:52,123 -  INFO -  Checking for 'Output\PDFs\'
2023-04-14 11:08:52,123 -  INFO -  Saving 'Output\PDFs\1.1 Otay Mesa.jpg'
2023-04-14 11:08:52,389 -  INFO -  Converting the file '1.2 Fiesta Island.pdf'
2023-04-14 11:09:04,555 -  INFO -  '1.2 Fiesta Island.pdf' contains 1 page(s)
2023-04-14 11:09:04,555 -  INFO -  Checking for 'Output\PDFs\'
2023-04-14 11:09:04,555 -  INFO -  Saving 'Output\PDFs\1.2 Fiesta Island.jpg'
2023-04-14 11:09:04,822 -  INFO -  Wand program has RAN
